#
# There is insufficient memory for the Java Runtime Environment to continue.
# Native memory allocation (mmap) failed to map 134217728 bytes for Failed to commit area from 0x0000000081a00000 to 0x0000000089a00000 of length 134217728.
# Possible reasons:
#   The system is out of physical RAM or swap space
#   The process is running with CompressedOops enabled, and the Java Heap may be blocking the growth of the native heap
# Possible solutions:
#   Reduce memory load on the system
#   Increase physical memory or swap space
#   Check if swap backing store is full
#   Decrease Java heap size (-Xmx/-Xms)
#   Decrease number of Java threads
#   Decrease Java thread stack sizes (-Xss)
#   Set larger code cache with -XX:ReservedCodeCacheSize=
# This output file may be truncated or incomplete.
#
#  Out of Memory Error (./src/hotspot/os/windows/os_windows.cpp:3619), pid=19464, tid=924
#
# JRE version:  (11.0.13+7) (build )
# Java VM: OpenJDK 64-Bit Server VM (11.0.13+7-b1751.25, mixed mode, sharing, tiered, compressed oops, g1 gc, windows-amd64)
# No core dump will be written. Minidumps are not enabled by default on client versions of Windows
#

---------------  S U M M A R Y ------------

Command Line: git4idea.http.GitAskPassApp Username for 'https://github.com': 

Host: Intel(R) Core(TM) i7-7600U CPU @ 2.80GHz, 4 cores, 7G,  Windows 11 , 64 bit Build 22000 (10.0.22000.2538)
Time: Mon Feb  5 16:05:12 2024 E. Africa Standard Time elapsed time: 0.097531 seconds (0d 0h 0m 0s)

---------------  T H R E A D  ---------------

Current thread (0x000001bc0d7e0000):  JavaThread "Unknown thread" [_thread_in_vm, id=924, stack(0x0000003708e00000,0x0000003708f00000)]

Stack: [0x0000003708e00000,0x0000003708f00000]
Native frames: (J=compiled Java code, j=interpreted, Vv=VM code, C=native code)
V  [jvm.dll+0x613daa]
V  [jvm.dll+0x799b30]
V  [jvm.dll+0x79b14d]
V  [jvm.dll+0x79b823]
V  [jvm.dll+0x24c958]
V  [jvm.dll+0x610e24]
V  [jvm.dll+0x605b25]
V  [jvm.dll+0x30aaab]
V  [jvm.dll+0x30aa1a]
V  [jvm.dll+0x30a8f2]
V  [jvm.dll+0x30f856]
V  [jvm.dll+0x359143]
V  [jvm.dll+0x359846]
V  [jvm.dll+0x359243]
V  [jvm.dll+0x2e57a8]
V  [jvm.dll+0x2e6947]
V  [jvm.dll+0x776d47]
V  [jvm.dll+0x77853c]
V  [jvm.dll+0x3666c9]
V  [jvm.dll+0x75a9ce]
V  [jvm.dll+0x3d47d3]
V  [jvm.dll+0x3d6d21]
C  [jli.dll+0x536b]
C  [ucrtbase.dll+0x26c0c]
C  [KERNEL32.DLL+0x153e0]
C  [ntdll.dll+0x485b]


---------------  P R O C E S S  ---------------

Threads class SMR info:
_java_thread_list=0x000001bc0b6d3700, length=0, elements={
}

Java Threads: ( => current thread )

Other Threads:
  0x000001bc0d7fb000 GCTaskThread "GC Thread#0" [stack: 0x0000003708f00000,0x0000003709000000] [id=9680]
  0x000001bc0d829800 ConcurrentGCThread "G1 Main Marker" [stack: 0x0000003709000000,0x0000003709100000] [id=1656]
  0x000001bc0d82b000 ConcurrentGCThread "G1 Conc#0" [stack: 0x0000003709100000,0x0000003709200000] [id=16960]

[error occurred during error reporting (printing all threads), id 0xc0000005, EXCEPTION_ACCESS_VIOLATION (0xc0000005) at pc=0x00007ff9252f5c97]

VM state:not at safepoint (not fully initialized)

VM Mutex/Monitor currently owned by a thread:  ([mutex/lock_event])
[0x000001bc0d7dc320] Heap_lock - owner thread: 0x000001bc0d7e0000

Heap address: 0x0000000081a00000, size: 2022 MB, Compressed Oops mode: Non-zero based: 0x0000000081a00000
Narrow klass base: 0x0000000000000000, Narrow klass shift: 0

GC Heap History (0 events):
No events

Deoptimization events (0 events):
No events

Classes redefined (0 events):
No events

Internal exceptions (0 events):
No events

Events (1 events):
Event: 0.017 Loaded shared library C:\Program Files\JetBrains\PhpStorm 2021.3.2\jbr\bin\zip.dll


Dynamic libraries:
0x00007ff713a80000 - 0x00007ff713a8a000 	C:\Program Files\JetBrains\PhpStorm 2021.3.2\jbr\bin\java.exe
0x00007ff988a20000 - 0x00007ff988c29000 	C:\Windows\SYSTEM32\ntdll.dll
0x00007ff987190000 - 0x00007ff98724d000 	C:\Windows\System32\KERNEL32.DLL
0x00007ff986440000 - 0x00007ff9867c4000 	C:\Windows\System32\KERNELBASE.dll
0x00007ff985eb0000 - 0x00007ff985fc1000 	C:\Windows\System32\ucrtbase.dll
0x00007ff96fe70000 - 0x00007ff96fe87000 	C:\Program Files\JetBrains\PhpStorm 2021.3.2\jbr\bin\VCRUNTIME140.dll
0x00007ff96d7c0000 - 0x00007ff96d7d9000 	C:\Program Files\JetBrains\PhpStorm 2021.3.2\jbr\bin\jli.dll
0x00007ff96fb10000 - 0x00007ff96fdb5000 	C:\Windows\WinSxS\amd64_microsoft.windows.common-controls_6595b64144ccf1df_6.0.22000.120_none_9d947278b86cc467\COMCTL32.dll
0x00007ff987c30000 - 0x00007ff987ddd000 	C:\Windows\System32\USER32.dll
0x00007ff987250000 - 0x00007ff9872f3000 	C:\Windows\System32\msvcrt.dll
0x00007ff986050000 - 0x00007ff986076000 	C:\Windows\System32\win32u.dll
0x00007ff986fb0000 - 0x00007ff986fda000 	C:\Windows\System32\GDI32.dll
0x00007ff986080000 - 0x00007ff98619e000 	C:\Windows\System32\gdi32full.dll
0x00007ff9867d0000 - 0x00007ff98686d000 	C:\Windows\System32\msvcp_win.dll
0x00007ff987de0000 - 0x00007ff987e11000 	C:\Windows\System32\IMM32.DLL
0x00007ff94afe0000 - 0x00007ff94b07d000 	C:\Program Files\JetBrains\PhpStorm 2021.3.2\jbr\bin\msvcp140.dll
0x00007ff925000000 - 0x00007ff925b76000 	C:\Program Files\JetBrains\PhpStorm 2021.3.2\jbr\bin\server\jvm.dll
0x00007ff988910000 - 0x00007ff9889be000 	C:\Windows\System32\ADVAPI32.dll
0x00007ff986f10000 - 0x00007ff986fae000 	C:\Windows\System32\sechost.dll
0x00007ff987060000 - 0x00007ff987181000 	C:\Windows\System32\RPCRT4.dll
0x00007ff987940000 - 0x00007ff987948000 	C:\Windows\System32\PSAPI.DLL
0x00007ff973a40000 - 0x00007ff973a49000 	C:\Windows\SYSTEM32\WSOCK32.dll
0x00007ff9886d0000 - 0x00007ff98873f000 	C:\Windows\System32\WS2_32.dll
0x00007ff97b000000 - 0x00007ff97b033000 	C:\Windows\SYSTEM32\WINMM.dll
0x00007ff97afb0000 - 0x00007ff97afba000 	C:\Windows\SYSTEM32\VERSION.dll
0x00007ff984ee0000 - 0x00007ff984ef8000 	C:\Windows\SYSTEM32\kernel.appcore.dll
0x00007ff973100000 - 0x00007ff973111000 	C:\Program Files\JetBrains\PhpStorm 2021.3.2\jbr\bin\verify.dll
0x00007ff9808b0000 - 0x00007ff980ad1000 	C:\Windows\SYSTEM32\DBGHELP.DLL
0x00007ff968b10000 - 0x00007ff968b41000 	C:\Windows\SYSTEM32\dbgcore.DLL
0x00007ff985fd0000 - 0x00007ff98604f000 	C:\Windows\System32\bcryptPrimitives.dll
0x00007ff972970000 - 0x00007ff972999000 	C:\Program Files\JetBrains\PhpStorm 2021.3.2\jbr\bin\java.dll
0x00007ff972d80000 - 0x00007ff972d8b000 	C:\Program Files\JetBrains\PhpStorm 2021.3.2\jbr\bin\jimage.dll
0x00007ff972950000 - 0x00007ff972968000 	C:\Program Files\JetBrains\PhpStorm 2021.3.2\jbr\bin\zip.dll

dbghelp: loaded successfully - version: 4.0.5 - missing functions: none
symbol engine: initialized successfully - sym options: 0x614 - pdb path: .;C:\Program Files\JetBrains\PhpStorm 2021.3.2\jbr\bin;C:\Windows\SYSTEM32;C:\Windows\WinSxS\amd64_microsoft.windows.common-controls_6595b64144ccf1df_6.0.22000.120_none_9d947278b86cc467;C:\Program Files\JetBrains\PhpStorm 2021.3.2\jbr\bin\server

VM Arguments:
java_command: git4idea.http.GitAskPassApp Username for 'https://github.com': 
java_class_path (initial): C:/Program Files/JetBrains/PhpStorm 2021.3.2/plugins/git4idea/lib/git4idea-rt.jar;C:/Program Files/JetBrains/PhpStorm 2021.3.2/lib/3rd-party.jar;C:/Program Files/JetBrains/PhpStorm 2021.3.2/lib/3rd-party-rt.jar
Launcher Type: SUN_STANDARD

[Global flags]
     intx CICompilerCount                          = 3                                         {product} {ergonomic}
     uint ConcGCThreads                            = 1                                         {product} {ergonomic}
     uint G1ConcRefinementThreads                  = 4                                         {product} {ergonomic}
   size_t G1HeapRegionSize                         = 1048576                                   {product} {ergonomic}
    uintx GCDrainStackTargetSize                   = 64                                        {product} {ergonomic}
   size_t InitialHeapSize                          = 134217728                                 {product} {ergonomic}
   size_t MarkStackSize                            = 4194304                                   {product} {ergonomic}
   size_t MaxHeapSize                              = 2120220672                                {product} {ergonomic}
   size_t MinHeapDeltaBytes                        = 1048576                                   {product} {ergonomic}
    uintx NonNMethodCodeHeapSize                   = 5830732                                {pd product} {ergonomic}
    uintx NonProfiledCodeHeapSize                  = 122913754                              {pd product} {ergonomic}
    uintx ProfiledCodeHeapSize                     = 122913754                              {pd product} {ergonomic}
    uintx ReservedCodeCacheSize                    = 251658240                              {pd product} {ergonomic}
     bool SegmentedCodeCache                       = true                                      {product} {ergonomic}
     bool UseCompressedClassPointers               = true                                 {lp64_product} {ergonomic}
     bool UseCompressedOops                        = true                                 {lp64_product} {ergonomic}
     bool UseG1GC                                  = true                                      {product} {ergonomic}
     bool UseLargePagesIndividualAllocation        = false                                  {pd product} {ergonomic}

Logging:
Log output configuration:
 #0: stdout all=warning uptime,level,tags
 #1: stderr all=off uptime,level,tags

Environment Variables:
JAVA_HOME=C:\Program Files\Java\jdk-11\
PATH=C:/Program Files/Git/mingw64/libexec/git-core;C:/Program Files/Git/mingw64/libexec/git-core;C:\Program Files\Git\mingw64\bin;C:\Program Files\Git\usr\bin;C:\Users\samtt\bin;C:\Program Files\Common Files\Oracle\Java\javapath;C:\Program Files (x86)\Common Files\Oracle\Java\javapath;C:\Program Files\Java\jdk-11\bin;D:\installs\python\Scripts\;D:\installs\python\;C:\Windows\system32;C:\Windows;C:\Windows\System32\Wbem;C:\Windows\System32\WindowsPowerShell\v1.0\;C:\Windows\System32\OpenSSH\;D:\installs\php\php-8.2.15;D:\installs\php\php-7.4.33.xamp\php;D:\installs\php\php-7.4.0;D:\installs\php\php-7.1.3;D:\installs\php\php-8.3.2;C:\Program Files\Git\cmd;D:\installs\PuTTY\;C:\ProgramData\ComposerSetup\bin;C:\Users\samtt\AppData\Roaming\nvm;D:\installs\nodejs;D:\installs\flutter\bin;C:\Program Files\Docker\Docker\resources\bin;D:\installs\go\bin;D:\installs\gradle-7.6.3\bin;C:\Program Files\MySQL\MySQL Shell 8.0\bin\;C:\Users\samtt\AppData\Local\Microsoft\WindowsApps;C:\Users\samtt\AppData\Roaming\Composer\vendor\bin;C:\Users\samtt\AppData\Roaming\nvm;D:\installs\nodejs;D:\installs\Microsoft VS Code\bin;C:\Users\samtt\go\bin
USERNAME=samtt
DISPLAY=:0.0
LC_ALL=en_US.UTF-8
OS=Windows_NT
PROCESSOR_IDENTIFIER=Intel64 Family 6 Model 142 Stepping 9, GenuineIntel



---------------  S Y S T E M  ---------------

OS: Windows 11 , 64 bit Build 22000 (10.0.22000.2538)
OS uptime: 1 days 19:34 hours
Hyper-V role detected

CPU:total 4 (initial active 4) (2 cores per cpu, 2 threads per core) family 6 model 142 stepping 9 microcode 0xec, cmov, cx8, fxsr, mmx, sse, sse2, sse3, ssse3, sse4.1, sse4.2, popcnt, avx, avx2, aes, clmul, erms, rtm, 3dnowpref, lzcnt, ht, tsc, tscinvbit, bmi1, bmi2, adx, fma

Memory: 4k page, system-wide physical 8083M (274M free)
TotalPageFile size 23255M (AvailPageFile size 5M)
current process WorkingSet (physical memory assigned to process): 10M, peak: 10M
current process commit charge ("private bytes"): 51M, peak: 179M

vm_info: OpenJDK 64-Bit Server VM (11.0.13+7-b1751.25) for windows-amd64 JRE (11.0.13+7-b1751.25), built on Jan 13 2022 20:47:27 by "" with MS VC++ 14.0 (VS2015)

END.
